manifest_merge_blame_file/debug/manifest-merger-blame-debug-report.txt
1<?xml version="1.0" encoding="utf-8"?>
2<manifest xmlns:android="http://schemas.android.com/apk/res/android"
3    package="com.project.food_hubs1"
4    android:versionCode="1"
5    android:versionName="1.0" >
6
7    <uses-sdk
8        android:minSdkVersion="21"
8-->src\main\AndroidManifest.xml
9        android:targetSdkVersion="31" />
9-->src\main\AndroidManifest.xml
10
11    <uses-permission android:name="android.permission.ACCESS_FINE_LOCATION" />
11-->src\main\AndroidManifest.xml:5:5-79
11-->src\main\AndroidManifest.xml:5:22-76
12    <uses-permission android:name="android.permission.INTERNET" />
12-->src\main\AndroidManifest.xml:6:5-67
12-->src\main\AndroidManifest.xml:6:22-64
13    <uses-permission android:name="android.permission.ACCESS_COARSE_LOCATION" />
13-->src\main\AndroidManifest.xml:7:5-81
13-->src\main\AndroidManifest.xml:7:22-78
14    <uses-permission android:name="android.permission.READ_EXTERNAL_STORAGE" />
14-->src\main\AndroidManifest.xml:8:5-79
14-->src\main\AndroidManifest.xml:8:22-77
15    <uses-permission android:name="android.permission.READ_PHONE_STATE" />
15-->src\main\AndroidManifest.xml:9:5-75
15-->src\main\AndroidManifest.xml:9:22-72
16    <uses-permission android:name="android.permission.RECORD_AUDIO" />
16-->src\main\AndroidManifest.xml:10:5-71
16-->src\main\AndroidManifest.xml:10:22-68
17    <uses-permission android:name="android.permission.CAMERA" />
17-->src\main\AndroidManifest.xml:11:5-65
17-->src\main\AndroidManifest.xml:11:22-62
18    <uses-permission android:name="android.permission.MODIFY_AUDIO_SETTINGS" />
18-->src\main\AndroidManifest.xml:12:5-80
18-->src\main\AndroidManifest.xml:12:22-77
19    <uses-permission android:name="android.permission.ACCESS_NETWORK_STATE" />
19-->src\main\AndroidManifest.xml:13:5-79
19-->src\main\AndroidManifest.xml:13:22-76
20    <uses-permission android:name="android.permission.BLUETOOTH" />
20-->src\main\AndroidManifest.xml:14:5-68
20-->src\main\AndroidManifest.xml:14:22-65
21    <uses-permission android:name="android.permission.BLUETOOTH_CONNECT" />
21-->src\main\AndroidManifest.xml:15:5-76
21-->src\main\AndroidManifest.xml:15:22-73
22    <uses-permission android:name="android.permission.ACCESS_WIFI_STATE" />
22-->src\main\AndroidManifest.xml:16:5-76
22-->src\main\AndroidManifest.xml:16:22-73
23    <uses-permission android:name="android.permission.WAKE_LOCK" />
23-->[com.google.android.gms:play-services-measurement-api:20.1.0] AndroidManifest.xml:24:5-68
23-->[com.google.android.gms:play-services-measurement-api:20.1.0] AndroidManifest.xml:24:22-65
24    <uses-permission android:name="com.google.android.finsky.permission.BIND_GET_INSTALL_REFERRER_SERVICE" /> <!-- Include required permissions for Advertising Id -->
24-->[com.google.android.gms:play-services-measurement:20.1.0] AndroidManifest.xml:26:5-110
24-->[com.google.android.gms:play-services-measurement:20.1.0] AndroidManifest.xml:26:22-107
25    <uses-permission android:name="com.google.android.gms.permission.AD_ID" />
25-->[com.google.android.gms:play-services-ads-identifier:18.0.0] AndroidManifest.xml:23:5-79
25-->[com.google.android.gms:play-services-ads-identifier:18.0.0] AndroidManifest.xml:23:22-76
26
27    <application
27-->src\main\AndroidManifest.xml:18:5-63:19
28        android:allowBackup="true"
28-->src\main\AndroidManifest.xml:19:9-35
29        android:appComponentFactory="androidx.core.app.CoreComponentFactory"
29-->[androidx.core:core:1.7.0] AndroidManifest.xml:24:18-86
30        android:debuggable="true"
31        android:icon="@mipmap/ic_launcher"
31-->src\main\AndroidManifest.xml:20:9-43
32        android:label="@string/app_name"
32-->src\main\AndroidManifest.xml:21:9-41
33        android:requestLegacyExternalStorage="true"
33-->src\main\AndroidManifest.xml:24:9-52
34        android:roundIcon="@mipmap/ic_launcher_round"
34-->src\main\AndroidManifest.xml:22:9-54
35        android:supportsRtl="true"
35-->src\main\AndroidManifest.xml:23:9-35
36        android:testOnly="true"
37        android:theme="@style/Theme.Cater_Application" >
37-->src\main\AndroidManifest.xml:25:9-55
38        <activity android:name="com.project.food_hubs1.UserViewOrderMenu" />
38-->src\main\AndroidManifest.xml:26:9-86
38-->src\main\AndroidManifest.xml:26:19-74
39        <activity android:name="com.project.food_hubs1.CaterViewOrderMenu" />
39-->src\main\AndroidManifest.xml:27:9-78
39-->src\main\AndroidManifest.xml:27:19-75
40        <activity
40-->src\main\AndroidManifest.xml:28:9-31:20
41            android:name="com.project.food_hubs1.videocall.VideoCallActivity"
41-->src\main\AndroidManifest.xml:28:19-84
42            android:exported="true" >
42-->src\main\AndroidManifest.xml:29:13-36
43        </activity>
44        <activity android:name="com.project.food_hubs1.chat.ChatUserList" />
44-->src\main\AndroidManifest.xml:32:9-77
44-->src\main\AndroidManifest.xml:32:19-74
45        <activity android:name="com.project.food_hubs1.CartList" />
45-->src\main\AndroidManifest.xml:33:9-68
45-->src\main\AndroidManifest.xml:33:19-65
46        <activity android:name="com.project.food_hubs1.ViewMenu" />
46-->src\main\AndroidManifest.xml:34:9-68
46-->src\main\AndroidManifest.xml:34:19-65
47        <activity android:name="com.project.food_hubs1.CaterList" />
47-->src\main\AndroidManifest.xml:35:9-69
47-->src\main\AndroidManifest.xml:35:19-66
48        <activity android:name="com.project.food_hubs1.UserMessagesList" />
48-->src\main\AndroidManifest.xml:36:9-76
48-->src\main\AndroidManifest.xml:36:19-73
49        <activity android:name="com.project.food_hubs1.UserRating" />
49-->src\main\AndroidManifest.xml:37:9-70
49-->src\main\AndroidManifest.xml:37:19-67
50        <activity android:name="com.project.food_hubs1.UserOrderList" />
50-->src\main\AndroidManifest.xml:38:9-73
50-->src\main\AndroidManifest.xml:38:19-70
51        <activity android:name="com.project.food_hubs1.CaterChatList" />
51-->src\main\AndroidManifest.xml:39:9-73
51-->src\main\AndroidManifest.xml:39:19-70
52        <activity android:name="com.project.food_hubs1.CaterReviewsList" />
52-->src\main\AndroidManifest.xml:40:9-76
52-->src\main\AndroidManifest.xml:40:19-73
53        <activity android:name="com.project.food_hubs1.RemoveMenuList" />
53-->src\main\AndroidManifest.xml:41:9-74
53-->src\main\AndroidManifest.xml:41:19-71
54        <activity android:name="com.project.food_hubs1.AddMenuList" />
54-->src\main\AndroidManifest.xml:42:9-71
54-->src\main\AndroidManifest.xml:42:19-68
55        <activity android:name="com.project.food_hubs1.CaterOrderList" />
55-->src\main\AndroidManifest.xml:43:9-74
55-->src\main\AndroidManifest.xml:43:19-71
56        <activity android:name="com.project.food_hubs1.UserDash" />
56-->src\main\AndroidManifest.xml:44:9-68
56-->src\main\AndroidManifest.xml:44:19-65
57        <activity android:name="com.project.food_hubs1.CaterDash" />
57-->src\main\AndroidManifest.xml:45:9-69
57-->src\main\AndroidManifest.xml:45:19-66
58        <activity android:name="com.project.food_hubs1.CaterRegistration" />
58-->src\main\AndroidManifest.xml:46:9-77
58-->src\main\AndroidManifest.xml:46:19-74
59        <activity android:name="com.project.food_hubs1.UserRegistration" />
59-->src\main\AndroidManifest.xml:47:9-76
59-->src\main\AndroidManifest.xml:47:19-73
60        <activity android:name="com.project.food_hubs1.Register_chk" />
60-->src\main\AndroidManifest.xml:48:9-72
60-->src\main\AndroidManifest.xml:48:19-69
61        <activity
61-->src\main\AndroidManifest.xml:49:9-52:20
62            android:name="com.project.food_hubs1.MainActivity"
62-->src\main\AndroidManifest.xml:50:13-63
63            android:exported="true" >
63-->src\main\AndroidManifest.xml:51:13-36
64        </activity>
65        <activity
65-->src\main\AndroidManifest.xml:53:9-62:20
66            android:name="com.project.food_hubs1.Splash"
66-->src\main\AndroidManifest.xml:54:13-57
67            android:exported="true" >
67-->src\main\AndroidManifest.xml:55:13-36
68            <intent-filter>
68-->src\main\AndroidManifest.xml:56:13-60:29
69                <action android:name="android.intent.action.MAIN" />
69-->src\main\AndroidManifest.xml:57:17-69
69-->src\main\AndroidManifest.xml:57:25-66
70
71                <category android:name="android.intent.category.LAUNCHER" />
71-->src\main\AndroidManifest.xml:59:17-77
71-->src\main\AndroidManifest.xml:59:27-74
72            </intent-filter>
73        </activity>
74
75        <meta-data
75-->[com.firebaseui:firebase-ui-auth:8.0.0] AndroidManifest.xml:14:9-16:69
76            android:name="com.google.android.gms.version"
76-->[com.firebaseui:firebase-ui-auth:8.0.0] AndroidManifest.xml:15:13-58
77            android:value="@integer/google_play_services_version" />
77-->[com.firebaseui:firebase-ui-auth:8.0.0] AndroidManifest.xml:16:13-66
78        <meta-data
78-->[com.firebaseui:firebase-ui-auth:8.0.0] AndroidManifest.xml:17:9-19:63
79            android:name="com.facebook.sdk.ApplicationId"
79-->[com.firebaseui:firebase-ui-auth:8.0.0] AndroidManifest.xml:18:13-58
80            android:value="@string/facebook_application_id" />
80-->[com.firebaseui:firebase-ui-auth:8.0.0] AndroidManifest.xml:19:13-60
81
82        <activity
82-->[com.firebaseui:firebase-ui-auth:8.0.0] AndroidManifest.xml:21:9-25:61
83            android:name="com.firebase.ui.auth.KickoffActivity"
83-->[com.firebaseui:firebase-ui-auth:8.0.0] AndroidManifest.xml:22:13-64
84            android:exported="false"
84-->[com.firebaseui:firebase-ui-auth:8.0.0] AndroidManifest.xml:23:13-37
85            android:label=""
85-->[com.firebaseui:firebase-ui-auth:8.0.0] AndroidManifest.xml:24:13-29
86            android:theme="@style/FirebaseUI.Transparent" />
86-->[com.firebaseui:firebase-ui-auth:8.0.0] AndroidManifest.xml:25:13-58
87        <activity
87-->[com.firebaseui:firebase-ui-auth:8.0.0] AndroidManifest.xml:26:9-30:61
88            android:name="com.firebase.ui.auth.ui.idp.SingleSignInActivity"
88-->[com.firebaseui:firebase-ui-auth:8.0.0] AndroidManifest.xml:27:13-76
89            android:exported="false"
89-->[com.firebaseui:firebase-ui-auth:8.0.0] AndroidManifest.xml:28:13-37
90            android:label=""
90-->[com.firebaseui:firebase-ui-auth:8.0.0] AndroidManifest.xml:29:13-29
91            android:theme="@style/FirebaseUI.Transparent" />
91-->[com.firebaseui:firebase-ui-auth:8.0.0] AndroidManifest.xml:30:13-58
92        <activity
92-->[com.firebaseui:firebase-ui-auth:8.0.0] AndroidManifest.xml:31:9-35:61
93            android:name="com.firebase.ui.auth.ui.credentials.CredentialSaveActivity"
93-->[com.firebaseui:firebase-ui-auth:8.0.0] AndroidManifest.xml:32:13-86
94            android:exported="false"
94-->[com.firebaseui:firebase-ui-auth:8.0.0] AndroidManifest.xml:33:13-37
95            android:label=""
95-->[com.firebaseui:firebase-ui-auth:8.0.0] AndroidManifest.xml:34:13-29
96            android:theme="@style/FirebaseUI.Transparent" />
96-->[com.firebaseui:firebase-ui-auth:8.0.0] AndroidManifest.xml:35:13-58
97        <activity
97-->[com.firebaseui:firebase-ui-auth:8.0.0] AndroidManifest.xml:36:9-40:58
98            android:name="com.firebase.ui.auth.ui.email.RecoverPasswordActivity"
98-->[com.firebaseui:firebase-ui-auth:8.0.0] AndroidManifest.xml:37:13-81
99            android:exported="false"
99-->[com.firebaseui:firebase-ui-auth:8.0.0] AndroidManifest.xml:38:13-37
100            android:label="@string/fui_title_recover_password_activity"
100-->[com.firebaseui:firebase-ui-auth:8.0.0] AndroidManifest.xml:39:13-72
101            android:windowSoftInputMode="adjustResize" />
101-->[com.firebaseui:firebase-ui-auth:8.0.0] AndroidManifest.xml:40:13-55
102        <activity
102-->[com.firebaseui:firebase-ui-auth:8.0.0] AndroidManifest.xml:41:9-45:58
103            android:name="com.firebase.ui.auth.ui.email.EmailActivity"
103-->[com.firebaseui:firebase-ui-auth:8.0.0] AndroidManifest.xml:42:13-71
104            android:exported="false"
104-->[com.firebaseui:firebase-ui-auth:8.0.0] AndroidManifest.xml:43:13-37
105            android:label="@string/fui_sign_in_default"
105-->[com.firebaseui:firebase-ui-auth:8.0.0] AndroidManifest.xml:44:13-56
106            android:windowSoftInputMode="adjustResize" />
106-->[com.firebaseui:firebase-ui-auth:8.0.0] AndroidManifest.xml:45:13-55
107        <activity
107-->[com.firebaseui:firebase-ui-auth:8.0.0] AndroidManifest.xml:46:9-50:77
108            android:name="com.firebase.ui.auth.ui.phone.PhoneActivity"
108-->[com.firebaseui:firebase-ui-auth:8.0.0] AndroidManifest.xml:47:13-71
109            android:exported="false"
109-->[com.firebaseui:firebase-ui-auth:8.0.0] AndroidManifest.xml:48:13-37
110            android:label="@string/fui_sign_in_with_phone_number"
110-->[com.firebaseui:firebase-ui-auth:8.0.0] AndroidManifest.xml:49:13-66
111            android:windowSoftInputMode="adjustResize|stateAlwaysVisible" />
111-->[com.firebaseui:firebase-ui-auth:8.0.0] AndroidManifest.xml:50:13-74
112        <activity
112-->[com.firebaseui:firebase-ui-auth:8.0.0] AndroidManifest.xml:51:9-55:58
113            android:name="com.firebase.ui.auth.ui.idp.WelcomeBackIdpPrompt"
113-->[com.firebaseui:firebase-ui-auth:8.0.0] AndroidManifest.xml:52:13-76
114            android:exported="false"
114-->[com.firebaseui:firebase-ui-auth:8.0.0] AndroidManifest.xml:53:13-37
115            android:label="@string/fui_title_welcome_back_idp_prompt"
115-->[com.firebaseui:firebase-ui-auth:8.0.0] AndroidManifest.xml:54:13-70
116            android:windowSoftInputMode="adjustResize" />
116-->[com.firebaseui:firebase-ui-auth:8.0.0] AndroidManifest.xml:55:13-55
117        <activity
117-->[com.firebaseui:firebase-ui-auth:8.0.0] AndroidManifest.xml:56:9-60:58
118            android:name="com.firebase.ui.auth.ui.email.WelcomeBackPasswordPrompt"
118-->[com.firebaseui:firebase-ui-auth:8.0.0] AndroidManifest.xml:57:13-83
119            android:exported="false"
119-->[com.firebaseui:firebase-ui-auth:8.0.0] AndroidManifest.xml:58:13-37
120            android:label="@string/fui_title_welcome_back_password_prompt"
120-->[com.firebaseui:firebase-ui-auth:8.0.0] AndroidManifest.xml:59:13-75
121            android:windowSoftInputMode="adjustResize" />
121-->[com.firebaseui:firebase-ui-auth:8.0.0] AndroidManifest.xml:60:13-55
122        <activity
122-->[com.firebaseui:firebase-ui-auth:8.0.0] AndroidManifest.xml:61:9-65:58
123            android:name="com.firebase.ui.auth.ui.email.WelcomeBackEmailLinkPrompt"
123-->[com.firebaseui:firebase-ui-auth:8.0.0] AndroidManifest.xml:62:13-84
124            android:exported="false"
124-->[com.firebaseui:firebase-ui-auth:8.0.0] AndroidManifest.xml:63:13-37
125            android:label="@string/fui_title_welcome_back_password_prompt"
125-->[com.firebaseui:firebase-ui-auth:8.0.0] AndroidManifest.xml:64:13-75
126            android:windowSoftInputMode="adjustResize" />
126-->[com.firebaseui:firebase-ui-auth:8.0.0] AndroidManifest.xml:65:13-55
127        <activity
127-->[com.firebaseui:firebase-ui-auth:8.0.0] AndroidManifest.xml:66:9-71:58
128            android:name="com.firebase.ui.auth.ui.email.EmailLinkCatcherActivity"
128-->[com.firebaseui:firebase-ui-auth:8.0.0] AndroidManifest.xml:67:13-82
129            android:exported="false"
129-->[com.firebaseui:firebase-ui-auth:8.0.0] AndroidManifest.xml:68:13-37
130            android:label=""
130-->[com.firebaseui:firebase-ui-auth:8.0.0] AndroidManifest.xml:69:13-29
131            android:theme="@style/FirebaseUI.Transparent"
131-->[com.firebaseui:firebase-ui-auth:8.0.0] AndroidManifest.xml:70:13-58
132            android:windowSoftInputMode="adjustResize" />
132-->[com.firebaseui:firebase-ui-auth:8.0.0] AndroidManifest.xml:71:13-55
133        <activity
133-->[com.firebaseui:firebase-ui-auth:8.0.0] AndroidManifest.xml:72:9-76:58
134            android:name="com.firebase.ui.auth.ui.email.EmailLinkErrorRecoveryActivity"
134-->[com.firebaseui:firebase-ui-auth:8.0.0] AndroidManifest.xml:73:13-88
135            android:exported="false"
135-->[com.firebaseui:firebase-ui-auth:8.0.0] AndroidManifest.xml:74:13-37
136            android:label="@string/fui_sign_in_default"
136-->[com.firebaseui:firebase-ui-auth:8.0.0] AndroidManifest.xml:75:13-56
137            android:windowSoftInputMode="adjustResize" />
137-->[com.firebaseui:firebase-ui-auth:8.0.0] AndroidManifest.xml:76:13-55
138        <activity
138-->[com.firebaseui:firebase-ui-auth:8.0.0] AndroidManifest.xml:77:9-80:65
139            android:name="com.firebase.ui.auth.ui.idp.AuthMethodPickerActivity"
139-->[com.firebaseui:firebase-ui-auth:8.0.0] AndroidManifest.xml:78:13-80
140            android:exported="false"
140-->[com.firebaseui:firebase-ui-auth:8.0.0] AndroidManifest.xml:79:13-37
141            android:label="@string/fui_default_toolbar_title" />
141-->[com.firebaseui:firebase-ui-auth:8.0.0] AndroidManifest.xml:80:13-62
142        <activity
142-->[com.firebaseui:firebase-ui-auth:8.0.0] AndroidManifest.xml:81:9-85:48
143            android:name="com.facebook.FacebookActivity"
143-->[com.firebaseui:firebase-ui-auth:8.0.0] AndroidManifest.xml:82:13-57
144            android:configChanges="keyboard|keyboardHidden|screenLayout|screenSize|orientation"
144-->[com.firebaseui:firebase-ui-auth:8.0.0] AndroidManifest.xml:83:13-96
145            android:label="@string/app_name" />
145-->[com.firebaseui:firebase-ui-auth:8.0.0] AndroidManifest.xml:84:13-45
146        <activity
146-->[com.firebaseui:firebase-ui-auth:8.0.0] AndroidManifest.xml:86:9-98:20
147            android:name="com.facebook.CustomTabActivity"
147-->[com.firebaseui:firebase-ui-auth:8.0.0] AndroidManifest.xml:87:13-58
148            android:exported="true" >
148-->[com.firebaseui:firebase-ui-auth:8.0.0] AndroidManifest.xml:88:13-36
149            <intent-filter>
149-->[com.firebaseui:firebase-ui-auth:8.0.0] AndroidManifest.xml:90:13-97:29
150                <action android:name="android.intent.action.VIEW" />
150-->[com.firebaseui:firebase-ui-auth:8.0.0] AndroidManifest.xml:91:17-69
150-->[com.firebaseui:firebase-ui-auth:8.0.0] AndroidManifest.xml:91:25-66
151
152                <category android:name="android.intent.category.DEFAULT" />
152-->[com.firebaseui:firebase-ui-auth:8.0.0] AndroidManifest.xml:93:17-76
152-->[com.firebaseui:firebase-ui-auth:8.0.0] AndroidManifest.xml:93:27-73
153                <category android:name="android.intent.category.BROWSABLE" />
153-->[com.firebaseui:firebase-ui-auth:8.0.0] AndroidManifest.xml:94:17-78
153-->[com.firebaseui:firebase-ui-auth:8.0.0] AndroidManifest.xml:94:27-75
154
155                <data android:scheme="@string/facebook_login_protocol_scheme" />
155-->[com.firebaseui:firebase-ui-auth:8.0.0] AndroidManifest.xml:96:17-81
155-->[com.firebaseui:firebase-ui-auth:8.0.0] AndroidManifest.xml:96:23-78
156            </intent-filter>
157        </activity>
158
159        <provider
159-->[com.firebaseui:firebase-ui-auth:8.0.0] AndroidManifest.xml:100:9-104:38
160            android:name="com.firebase.ui.auth.data.client.AuthUiInitProvider"
160-->[com.firebaseui:firebase-ui-auth:8.0.0] AndroidManifest.xml:101:13-79
161            android:authorities="com.project.food_hubs1.authuiinitprovider"
161-->[com.firebaseui:firebase-ui-auth:8.0.0] AndroidManifest.xml:102:13-70
162            android:exported="false"
162-->[com.firebaseui:firebase-ui-auth:8.0.0] AndroidManifest.xml:103:13-37
163            android:initOrder="90" />
163-->[com.firebaseui:firebase-ui-auth:8.0.0] AndroidManifest.xml:104:13-35
164
165        <activity
165-->[com.google.firebase:firebase-auth:21.0.1] AndroidManifest.xml:27:9-44:20
166            android:name="com.google.firebase.auth.internal.GenericIdpActivity"
166-->[com.google.firebase:firebase-auth:21.0.1] AndroidManifest.xml:28:13-80
167            android:excludeFromRecents="true"
167-->[com.google.firebase:firebase-auth:21.0.1] AndroidManifest.xml:29:13-46
168            android:exported="true"
168-->[com.google.firebase:firebase-auth:21.0.1] AndroidManifest.xml:30:13-36
169            android:launchMode="singleTask"
169-->[com.google.firebase:firebase-auth:21.0.1] AndroidManifest.xml:31:13-44
170            android:theme="@android:style/Theme.Translucent.NoTitleBar" >
170-->[com.google.firebase:firebase-auth:21.0.1] AndroidManifest.xml:32:13-72
171            <intent-filter>
171-->[com.google.firebase:firebase-auth:21.0.1] AndroidManifest.xml:33:13-43:29
172                <action android:name="android.intent.action.VIEW" />
172-->[com.firebaseui:firebase-ui-auth:8.0.0] AndroidManifest.xml:91:17-69
172-->[com.firebaseui:firebase-ui-auth:8.0.0] AndroidManifest.xml:91:25-66
173
174                <category android:name="android.intent.category.DEFAULT" />
174-->[com.firebaseui:firebase-ui-auth:8.0.0] AndroidManifest.xml:93:17-76
174-->[com.firebaseui:firebase-ui-auth:8.0.0] AndroidManifest.xml:93:27-73
175                <category android:name="android.intent.category.BROWSABLE" />
175-->[com.firebaseui:firebase-ui-auth:8.0.0] AndroidManifest.xml:94:17-78
175-->[com.firebaseui:firebase-ui-auth:8.0.0] AndroidManifest.xml:94:27-75
176
177                <data
177-->[com.firebaseui:firebase-ui-auth:8.0.0] AndroidManifest.xml:96:17-81
178                    android:host="firebase.auth"
179                    android:path="/"
180                    android:scheme="genericidp" />
180-->[com.firebaseui:firebase-ui-auth:8.0.0] AndroidManifest.xml:96:23-78
181            </intent-filter>
182        </activity>
183        <activity
183-->[com.google.firebase:firebase-auth:21.0.1] AndroidManifest.xml:45:9-62:20
184            android:name="com.google.firebase.auth.internal.RecaptchaActivity"
184-->[com.google.firebase:firebase-auth:21.0.1] AndroidManifest.xml:46:13-79
185            android:excludeFromRecents="true"
185-->[com.google.firebase:firebase-auth:21.0.1] AndroidManifest.xml:47:13-46
186            android:exported="true"
186-->[com.google.firebase:firebase-auth:21.0.1] AndroidManifest.xml:48:13-36
187            android:launchMode="singleTask"
187-->[com.google.firebase:firebase-auth:21.0.1] AndroidManifest.xml:49:13-44
188            android:theme="@android:style/Theme.Translucent.NoTitleBar" >
188-->[com.google.firebase:firebase-auth:21.0.1] AndroidManifest.xml:50:13-72
189            <intent-filter>
189-->[com.google.firebase:firebase-auth:21.0.1] AndroidManifest.xml:51:13-61:29
190                <action android:name="android.intent.action.VIEW" />
190-->[com.firebaseui:firebase-ui-auth:8.0.0] AndroidManifest.xml:91:17-69
190-->[com.firebaseui:firebase-ui-auth:8.0.0] AndroidManifest.xml:91:25-66
191
192                <category android:name="android.intent.category.DEFAULT" />
192-->[com.firebaseui:firebase-ui-auth:8.0.0] AndroidManifest.xml:93:17-76
192-->[com.firebaseui:firebase-ui-auth:8.0.0] AndroidManifest.xml:93:27-73
193                <category android:name="android.intent.category.BROWSABLE" />
193-->[com.firebaseui:firebase-ui-auth:8.0.0] AndroidManifest.xml:94:17-78
193-->[com.firebaseui:firebase-ui-auth:8.0.0] AndroidManifest.xml:94:27-75
194
195                <data
195-->[com.firebaseui:firebase-ui-auth:8.0.0] AndroidManifest.xml:96:17-81
196                    android:host="firebase.auth"
197                    android:path="/"
198                    android:scheme="recaptcha" />
198-->[com.firebaseui:firebase-ui-auth:8.0.0] AndroidManifest.xml:96:23-78
199            </intent-filter>
200        </activity>
201
202        <service
202-->[com.google.firebase:firebase-auth:21.0.1] AndroidManifest.xml:64:9-73:19
203            android:name="com.google.firebase.auth.api.fallback.service.FirebaseAuthFallbackService"
203-->[com.google.firebase:firebase-auth:21.0.1] AndroidManifest.xml:65:13-101
204            android:enabled="true"
204-->[com.google.firebase:firebase-auth:21.0.1] AndroidManifest.xml:66:13-35
205            android:exported="false" >
205-->[com.google.firebase:firebase-auth:21.0.1] AndroidManifest.xml:67:13-37
206            <intent-filter>
206-->[com.google.firebase:firebase-auth:21.0.1] AndroidManifest.xml:68:13-72:29
207                <action android:name="com.google.firebase.auth.api.gms.service.START" />
207-->[com.google.firebase:firebase-auth:21.0.1] AndroidManifest.xml:69:17-89
207-->[com.google.firebase:firebase-auth:21.0.1] AndroidManifest.xml:69:25-86
208
209                <category android:name="android.intent.category.DEFAULT" />
209-->[com.firebaseui:firebase-ui-auth:8.0.0] AndroidManifest.xml:93:17-76
209-->[com.firebaseui:firebase-ui-auth:8.0.0] AndroidManifest.xml:93:27-73
210            </intent-filter>
211        </service>
212        <service
212-->[com.google.firebase:firebase-auth:21.0.1] AndroidManifest.xml:74:9-80:19
213            android:name="com.google.firebase.components.ComponentDiscoveryService"
213-->[com.google.firebase:firebase-auth:21.0.1] AndroidManifest.xml:75:13-84
214            android:directBootAware="true"
214-->[com.google.firebase:firebase-common:20.0.0] AndroidManifest.xml:35:13-43
215            android:exported="false" >
215-->[com.google.firebase:firebase-auth:21.0.1] AndroidManifest.xml:76:13-37
216            <meta-data
216-->[com.google.firebase:firebase-auth:21.0.1] AndroidManifest.xml:77:13-79:85
217                android:name="com.google.firebase.components:com.google.firebase.auth.FirebaseAuthRegistrar"
217-->[com.google.firebase:firebase-auth:21.0.1] AndroidManifest.xml:78:17-109
218                android:value="com.google.firebase.components.ComponentRegistrar" />
218-->[com.google.firebase:firebase-auth:21.0.1] AndroidManifest.xml:79:17-82
219            <meta-data
219-->[com.google.firebase:firebase-database:20.0.3] AndroidManifest.xml:32:13-34:85
220                android:name="com.google.firebase.components:com.google.firebase.database.DatabaseRegistrar"
220-->[com.google.firebase:firebase-database:20.0.3] AndroidManifest.xml:33:17-109
221                android:value="com.google.firebase.components.ComponentRegistrar" />
221-->[com.google.firebase:firebase-database:20.0.3] AndroidManifest.xml:34:17-82
222            <meta-data
222-->[com.google.firebase:firebase-storage:20.0.0] AndroidManifest.xml:33:13-35:85
223                android:name="com.google.firebase.components:com.google.firebase.storage.StorageRegistrar"
223-->[com.google.firebase:firebase-storage:20.0.0] AndroidManifest.xml:34:17-107
224                android:value="com.google.firebase.components.ComponentRegistrar" />
224-->[com.google.firebase:firebase-storage:20.0.0] AndroidManifest.xml:35:17-82
225            <meta-data
225-->[com.google.firebase:firebase-firestore:23.0.1] AndroidManifest.xml:20:13-22:85
226                android:name="com.google.firebase.components:com.google.firebase.firestore.FirestoreRegistrar"
226-->[com.google.firebase:firebase-firestore:23.0.1] AndroidManifest.xml:21:17-111
227                android:value="com.google.firebase.components.ComponentRegistrar" />
227-->[com.google.firebase:firebase-firestore:23.0.1] AndroidManifest.xml:22:17-82
228            <meta-data
228-->[com.google.android.gms:play-services-measurement-api:20.1.0] AndroidManifest.xml:30:13-32:85
229                android:name="com.google.firebase.components:com.google.firebase.analytics.connector.internal.AnalyticsConnectorRegistrar"
229-->[com.google.android.gms:play-services-measurement-api:20.1.0] AndroidManifest.xml:31:17-139
230                android:value="com.google.firebase.components.ComponentRegistrar" />
230-->[com.google.android.gms:play-services-measurement-api:20.1.0] AndroidManifest.xml:32:17-82
231            <meta-data
231-->[com.google.firebase:firebase-installations:17.0.0] AndroidManifest.xml:18:13-20:85
232                android:name="com.google.firebase.components:com.google.firebase.installations.FirebaseInstallationsRegistrar"
232-->[com.google.firebase:firebase-installations:17.0.0] AndroidManifest.xml:19:17-127
233                android:value="com.google.firebase.components.ComponentRegistrar" />
233-->[com.google.firebase:firebase-installations:17.0.0] AndroidManifest.xml:20:17-82
234        </service>
235
236        <provider
236-->[com.squareup.picasso:picasso:2.71828] AndroidManifest.xml:8:9-11:40
237            android:name="com.squareup.picasso.PicassoProvider"
237-->[com.squareup.picasso:picasso:2.71828] AndroidManifest.xml:9:13-64
238            android:authorities="com.project.food_hubs1.com.squareup.picasso"
238-->[com.squareup.picasso:picasso:2.71828] AndroidManifest.xml:10:13-72
239            android:exported="false" />
239-->[com.squareup.picasso:picasso:2.71828] AndroidManifest.xml:11:13-37
240
241        <activity
241-->[com.google.android.gms:play-services-auth:19.0.0] AndroidManifest.xml:23:9-27:75
242            android:name="com.google.android.gms.auth.api.signin.internal.SignInHubActivity"
242-->[com.google.android.gms:play-services-auth:19.0.0] AndroidManifest.xml:24:13-93
243            android:excludeFromRecents="true"
243-->[com.google.android.gms:play-services-auth:19.0.0] AndroidManifest.xml:25:13-46
244            android:exported="false"
244-->[com.google.android.gms:play-services-auth:19.0.0] AndroidManifest.xml:26:13-37
245            android:theme="@android:style/Theme.Translucent.NoTitleBar" />
245-->[com.google.android.gms:play-services-auth:19.0.0] AndroidManifest.xml:27:13-72
246        <!--
247            Service handling Google Sign-In user revocation. For apps that do not integrate with
248            Google Sign-In, this service will never be started.
249        -->
250        <service
250-->[com.google.android.gms:play-services-auth:19.0.0] AndroidManifest.xml:33:9-37:51
251            android:name="com.google.android.gms.auth.api.signin.RevocationBoundService"
251-->[com.google.android.gms:play-services-auth:19.0.0] AndroidManifest.xml:34:13-89
252            android:exported="true"
252-->[com.google.android.gms:play-services-auth:19.0.0] AndroidManifest.xml:35:13-36
253            android:permission="com.google.android.gms.auth.api.signin.permission.REVOCATION_NOTIFICATION"